
> new-frontend@0.1.0 dev
> next dev

⚠ Warning: Next.js inferred your workspace root, but it may not be correct.
 We detected multiple lockfiles and selected the directory of /Users/mac/Documents/workstation/2026/async/package-lock.json as the root directory.
 To silence this warning, set `turbopack.root` in your Next.js config, or consider removing one of the lockfiles if it's not needed.
   See https://nextjs.org/docs/app/api-reference/config/next-config-js/turbopack#root-directory for more information.
 Detected additional lockfiles: 
   * /Users/mac/Documents/workstation/2026/async/new-frontend/package-lock.json

▲ Next.js 16.1.6 (Turbopack)
- Local:         http://localhost:3000
- Network:       http://192.168.0.105:3000
- Environments: .env.local

✓ Starting...
✓ Ready in 2.2s
○ Compiling / ...
 GET / 200 in 6.0s (compile: 5.6s, render: 457ms)
 GET /auth 200 in 805ms (compile: 731ms, render: 75ms)
 GET /events 200 in 111ms (compile: 31ms, render: 80ms)
 GET /events/69dc7b59c6a6ec2e739dd940 200 in 3.6s (compile: 2.7s, render: 956ms)
✓ Compiled in 1444ms
✓ Compiled in 888ms
 GET /events/69dc7b59c6a6ec2e739dd940 200 in 994ms (compile: 509ms, render: 485ms)
 GET /events/69dc7b59c6a6ec2e739dd940 200 in 1814ms (compile: 403ms, render: 1411ms)
✓ Compiled in 1326ms
✓ Compiled in 1435ms
✓ Compiled in 1289ms
✓ Compiled in 1055ms
 GET /events 200 in 44ms (compile: 14ms, render: 30ms)
 GET /events/69dc7b59c6a6ec2e739dd940 200 in 2.4s (compile: 271ms, render: 2.2s)
✓ Compiled in 1367ms
✓ Finished filesystem cache database compaction in 14.4s
✓ Compiled in 805ms
 GET /events/69dc7b59c6a6ec2e739dd940 200 in 2.0s (compile: 104ms, render: 1937ms)
✓ Compiled in 416ms
